# JRE version: OpenJDK Runtime Environment Temurin-21.0.10+7 (21.0.10+7) (build 21.0.10+7-LTS)
# Java VM: OpenJDK 64-Bit Server VM Temurin-21.0.10+7 (21.0.10+7-LTS, mixed mode, sharing, tiered, compressed oops, compressed class ptrs, parallel gc, windows-amd64)
GC Precious Log:
 CardTable entry size: 512
 CPUs: 8 total, 8 available
 Memory: 6057M
 Large Page Support: Disabled
 NUMA Support: Disabled
 Compressed Oops: Enabled (32-bit)
 Alignments: Space 512K, Generation 512K, Heap 2M
 Heap Min Capacity: 100M
 Heap Initial Capacity: 100M
 Heap Max Capacity: 2G
 Pre-touch: Disabled
 Parallel Workers: 8
Heap:
 PSYoungGen      total 3584K, used 1585K [0x00000000d5580000, 0x00000000d5a00000, 0x0000000100000000)
  eden space 3072K, 44% used [0x00000000d5580000,0x00000000d56d47d0,0x00000000d5880000)
  from space 512K, 43% used [0x00000000d5980000,0x00000000d59b8000,0x00000000d5a00000)
  to   space 512K, 0% used [0x00000000d5900000,0x00000000d5900000,0x00000000d5980000)
 ParOldGen       total 1090048K, used 581672K [0x0000000080000000, 0x00000000c2880000, 0x00000000d5580000)
  object space 1090048K, 53% used [0x0000000080000000,0x00000000a380a3c0,0x00000000c2880000)
 Metaspace       used 91099K, committed 92992K, reserved 1179648K
  class space    used 9111K, committed 10048K, reserved 1048576K
GC Heap History (20 events):
Event: 12265.315 GC heap before
{Heap before GC invocations=2358 (full 5):
 PSYoungGen      total 3584K, used 3391K [0x00000000d5580000, 0x00000000d5a80000, 0x0000000100000000)
  eden space 3072K, 99% used [0x00000000d5580000,0x00000000d587fff0,0x00000000d5880000)
  from space 512K, 62% used [0x00000000d5a00000,0x00000000d5a50000,0x00000000d5a80000)
  to   space 512K, 0% used [0x00000000d5980000,0x00000000d5980000,0x00000000d5a00000)
 ParOldGen       total 1090048K, used 578422K [0x0000000080000000, 0x00000000c2880000, 0x00000000d5580000)
  object space 1090048K, 53% used [0x0000000080000000,0x00000000a34dd860,0x00000000c2880000)
 Metaspace       used 91089K, committed 92992K, reserved 1179648K
  class space    used 9111K, committed 10048K, reserved 1048576K
}
Event: 12265.322 GC heap after
{Heap after GC invocations=2358 (full 5):
 PSYoungGen      total 3584K, used 512K [0x00000000d5580000, 0x00000000d5a80000, 0x0000000100000000)
  eden space 3072K, 0% used [0x00000000d5580000,0x00000000d5580000,0x00000000d5880000)
  from space 512K, 100% used [0x00000000d5980000,0x00000000d5a00000,0x00000000d5a00000)
  to   space 512K, 0% used [0x00000000d5a00000,0x00000000d5a00000,0x00000000d5a80000)
 ParOldGen       total 1090048K, used 578627K [0x0000000080000000, 0x00000000c2880000, 0x00000000d5580000)
  object space 1090048K, 53% used [0x0000000080000000,0x00000000a3510e60,0x00000000c2880000)
 Metaspace       used 91089K, committed 92992K, reserved 1179648K
  class space    used 9111K, committed 10048K, reserved 1048576K
}
Event: 12265.620 GC heap before
{Heap before GC invocations=2359 (full 5):
 PSYoungGen      total 3584K, used 3583K [0x00000000d5580000, 0x00000000d5a80000, 0x0000000100000000)
  eden space 3072K, 99% used [0x00000000d5580000,0x00000000d587fff8,0x00000000d5880000)
  from space 512K, 100% used [0x00000000d5980000,0x00000000d5a00000,0x00000000d5a00000)
  to   space 512K, 0% used [0x00000000d5a00000,0x00000000d5a00000,0x00000000d5a80000)
 ParOldGen       total 1090048K, used 578627K [0x0000000080000000, 0x00000000c2880000, 0x00000000d5580000)
  object space 1090048K, 53% used [0x0000000080000000,0x00000000a3510e60,0x00000000c2880000)
 Metaspace       used 91091K, committed 92992K, reserved 1179648K
  class space    used 9111K, committed 10048K, reserved 1048576K
}
Event: 12265.628 GC heap after
{Heap after GC invocations=2359 (full 5):
 PSYoungGen      total 3584K, used 512K [0x00000000d5580000, 0x00000000d5a80000, 0x0000000100000000)
  eden space 3072K, 0% used [0x00000000d5580000,0x00000000d5580000,0x00000000d5880000)
  from space 512K, 100% used [0x00000000d5a00000,0x00000000d5a80000,0x00000000d5a80000)
  to   space 1024K, 0% used [0x00000000d5880000,0x00000000d5880000,0x00000000d5980000)
 ParOldGen       total 1090048K, used 579087K [0x0000000080000000, 0x00000000c2880000, 0x00000000d5580000)
  object space 1090048K, 53% used [0x0000000080000000,0x00000000a3583e70,0x00000000c2880000)
 Metaspace       used 91091K, committed 92992K, reserved 1179648K
  class space    used 9111K, committed 10048K, reserved 1048576K
}
Event: 12265.838 GC heap before
{Heap before GC invocations=2360 (full 5):
 PSYoungGen      total 3584K, used 3583K [0x00000000d5580000, 0x00000000d5a80000, 0x0000000100000000)
  eden space 3072K, 99% used [0x00000000d5580000,0x00000000d587ffc8,0x00000000d5880000)
  from space 512K, 100% used [0x00000000d5a00000,0x00000000d5a80000,0x00000000d5a80000)
  to   space 1024K, 0% used [0x00000000d5880000,0x00000000d5880000,0x00000000d5980000)
 ParOldGen       total 1090048K, used 579087K [0x0000000080000000, 0x00000000c2880000, 0x00000000d5580000)
  object space 1090048K, 53% used [0x0000000080000000,0x00000000a3583e70,0x00000000c2880000)
 Metaspace       used 91093K, committed 92992K, reserved 1179648K
  class space    used 9111K, committed 10048K, reserved 1048576K
}
Event: 12265.845 GC heap after
{Heap after GC invocations=2360 (full 5):
 PSYoungGen      total 4096K, used 804K [0x00000000d5580000, 0x00000000d5a80000, 0x0000000100000000)
  eden space 3072K, 0% used [0x00000000d5580000,0x00000000d5580000,0x00000000d5880000)
  from space 1024K, 78% used [0x00000000d5880000,0x00000000d5949230,0x00000000d5980000)
  to   space 1024K, 0% used [0x00000000d5980000,0x00000000d5980000,0x00000000d5a80000)
 ParOldGen       total 1090048K, used 579431K [0x0000000080000000, 0x00000000c2880000, 0x00000000d5580000)
  object space 1090048K, 53% used [0x0000000080000000,0x00000000a35d9e70,0x00000000c2880000)
 Metaspace       used 91093K, committed 92992K, reserved 1179648K
  class space    used 9111K, committed 10048K, reserved 1048576K
}
Event: 12265.900 GC heap before
{Heap before GC invocations=2361 (full 5):
 PSYoungGen      total 4096K, used 3876K [0x00000000d5580000, 0x00000000d5a80000, 0x0000000100000000)
  eden space 3072K, 100% used [0x00000000d5580000,0x00000000d5880000,0x00000000d5880000)
  from space 1024K, 78% used [0x00000000d5880000,0x00000000d5949230,0x00000000d5980000)
  to   space 1024K, 0% used [0x00000000d5980000,0x00000000d5980000,0x00000000d5a80000)
 ParOldGen       total 1090048K, used 579431K [0x0000000080000000, 0x00000000c2880000, 0x00000000d5580000)
  object space 1090048K, 53% used [0x0000000080000000,0x00000000a35d9e70,0x00000000c2880000)
 Metaspace       used 91093K, committed 92992K, reserved 1179648K
  class space    used 9111K, committed 10048K, reserved 1048576K
}
Event: 12265.908 GC heap after
{Heap after GC invocations=2361 (full 5):
 PSYoungGen      total 4096K, used 416K [0x00000000d5580000, 0x00000000d5a80000, 0x0000000100000000)
  eden space 3072K, 0% used [0x00000000d5580000,0x00000000d5580000,0x00000000d5880000)
  from space 1024K, 40% used [0x00000000d5980000,0x00000000d59e8000,0x00000000d5a80000)
  to   space 1024K, 0% used [0x00000000d5880000,0x00000000d5880000,0x00000000d5980000)
 ParOldGen       total 1090048K, used 580138K [0x0000000080000000, 0x00000000c2880000, 0x00000000d5580000)
  object space 1090048K, 53% used [0x0000000080000000,0x00000000a368aba0,0x00000000c2880000)
 Metaspace       used 91093K, committed 92992K, reserved 1179648K
  class space    used 9111K, committed 10048K, reserved 1048576K
}
Event: 12266.007 GC heap before
{Heap before GC invocations=2362 (full 5):
 PSYoungGen      total 4096K, used 3488K [0x00000000d5580000, 0x00000000d5a80000, 0x0000000100000000)
  eden space 3072K, 100% used [0x00000000d5580000,0x00000000d5880000,0x00000000d5880000)
  from space 1024K, 40% used [0x00000000d5980000,0x00000000d59e8000,0x00000000d5a80000)
  to   space 1024K, 0% used [0x00000000d5880000,0x00000000d5880000,0x00000000d5980000)
 ParOldGen       total 1090048K, used 580138K [0x0000000080000000, 0x00000000c2880000, 0x00000000d5580000)
  object space 1090048K, 53% used [0x0000000080000000,0x00000000a368aba0,0x00000000c2880000)
 Metaspace       used 91093K, committed 92992K, reserved 1179648K
  class space    used 9111K, committed 10048K, reserved 1048576K
}
Event: 12266.013 GC heap after
{Heap after GC invocations=2362 (full 5):
 PSYoungGen      total 4096K, used 500K [0x00000000d5580000, 0x00000000d5a80000, 0x0000000100000000)
  eden space 3072K, 0% used [0x00000000d5580000,0x00000000d5580000,0x00000000d5880000)
  from space 1024K, 48% used [0x00000000d5880000,0x00000000d58fd200,0x00000000d5980000)
  to   space 1024K, 0% used [0x00000000d5980000,0x00000000d5980000,0x00000000d5a80000)
 ParOldGen       total 1090048K, used 580454K [0x0000000080000000, 0x00000000c2880000, 0x00000000d5580000)
  object space 1090048K, 53% used [0x0000000080000000,0x00000000a36d9bb0,0x00000000c2880000)
 Metaspace       used 91093K, committed 92992K, reserved 1179648K
  class space    used 9111K, committed 10048K, reserved 1048576K
}
Event: 12266.036 GC heap before
{Heap before GC invocations=2363 (full 5):
 PSYoungGen      total 4096K, used 3572K [0x00000000d5580000, 0x00000000d5a80000, 0x0000000100000000)
  eden space 3072K, 100% used [0x00000000d5580000,0x00000000d5880000,0x00000000d5880000)
  from space 1024K, 48% used [0x00000000d5880000,0x00000000d58fd200,0x00000000d5980000)
  to   space 1024K, 0% used [0x00000000d5980000,0x00000000d5980000,0x00000000d5a80000)
 ParOldGen       total 1090048K, used 580454K [0x0000000080000000, 0x00000000c2880000, 0x00000000d5580000)
  object space 1090048K, 53% used [0x0000000080000000,0x00000000a36d9bb0,0x00000000c2880000)
 Metaspace       used 91093K, committed 92992K, reserved 1179648K
  class space    used 9111K, committed 10048K, reserved 1048576K
}
Event: 12266.042 GC heap after
{Heap after GC invocations=2363 (full 5):
 PSYoungGen      total 4096K, used 576K [0x00000000d5580000, 0x00000000d5a80000, 0x0000000100000000)
  eden space 3072K, 0% used [0x00000000d5580000,0x00000000d5580000,0x00000000d5880000)
  from space 1024K, 56% used [0x00000000d5980000,0x00000000d5a10000,0x00000000d5a80000)
  to   space 1024K, 0% used [0x00000000d5880000,0x00000000d5880000,0x00000000d5980000)
 ParOldGen       total 1090048K, used 580848K [0x0000000080000000, 0x00000000c2880000, 0x00000000d5580000)
  object space 1090048K, 53% used [0x0000000080000000,0x00000000a373c3c0,0x00000000c2880000)
 Metaspace       used 91093K, committed 92992K, reserved 1179648K
  class space    used 9111K, committed 10048K, reserved 1048576K
}
Event: 12267.527 GC heap before
{Heap before GC invocations=2364 (full 5):
 PSYoungGen      total 4096K, used 3648K [0x00000000d5580000, 0x00000000d5a80000, 0x0000000100000000)
  eden space 3072K, 100% used [0x00000000d5580000,0x00000000d5880000,0x00000000d5880000)
  from space 1024K, 56% used [0x00000000d5980000,0x00000000d5a10000,0x00000000d5a80000)
  to   space 1024K, 0% used [0x00000000d5880000,0x00000000d5880000,0x00000000d5980000)
 ParOldGen       total 1090048K, used 580848K [0x0000000080000000, 0x00000000c2880000, 0x00000000d5580000)
  object space 1090048K, 53% used [0x0000000080000000,0x00000000a373c3c0,0x00000000c2880000)
 Metaspace       used 91098K, committed 92992K, reserved 1179648K
  class space    used 9111K, committed 10048K, reserved 1048576K
}
Event: 12267.545 GC heap after
{Heap after GC invocations=2364 (full 5):
 PSYoungGen      total 4096K, used 448K [0x00000000d5580000, 0x00000000d5a00000, 0x0000000100000000)
  eden space 3072K, 0% used [0x00000000d5580000,0x00000000d5580000,0x00000000d5880000)
  from space 1024K, 43% used [0x00000000d5880000,0x00000000d58f0000,0x00000000d5980000)
  to   space 512K, 0% used [0x00000000d5980000,0x00000000d5980000,0x00000000d5a00000)
 ParOldGen       total 1090048K, used 581320K [0x0000000080000000, 0x00000000c2880000, 0x00000000d5580000)
  object space 1090048K, 53% used [0x0000000080000000,0x00000000a37b23c0,0x00000000c2880000)
 Metaspace       used 91098K, committed 92992K, reserved 1179648K
  class space    used 9111K, committed 10048K, reserved 1048576K
}
Event: 12269.438 GC heap before
{Heap before GC invocations=2365 (full 5):
 PSYoungGen      total 4096K, used 3520K [0x00000000d5580000, 0x00000000d5a00000, 0x0000000100000000)
  eden space 3072K, 100% used [0x00000000d5580000,0x00000000d5880000,0x00000000d5880000)
  from space 1024K, 43% used [0x00000000d5880000,0x00000000d58f0000,0x00000000d5980000)
  to   space 512K, 0% used [0x00000000d5980000,0x00000000d5980000,0x00000000d5a00000)
 ParOldGen       total 1090048K, used 581320K [0x0000000080000000, 0x00000000c2880000, 0x00000000d5580000)
  object space 1090048K, 53% used [0x0000000080000000,0x00000000a37b23c0,0x00000000c2880000)
 Metaspace       used 91098K, committed 92992K, reserved 1179648K
  class space    used 9111K, committed 10048K, reserved 1048576K
}
Event: 12269.442 GC heap after
{Heap after GC invocations=2365 (full 5):
 PSYoungGen      total 3584K, used 192K [0x00000000d5580000, 0x00000000d5a00000, 0x0000000100000000)
  eden space 3072K, 0% used [0x00000000d5580000,0x00000000d5580000,0x00000000d5880000)
  from space 512K, 37% used [0x00000000d5980000,0x00000000d59b0000,0x00000000d5a00000)
  to   space 512K, 0% used [0x00000000d5900000,0x00000000d5900000,0x00000000d5980000)
 ParOldGen       total 1090048K, used 581608K [0x0000000080000000, 0x00000000c2880000, 0x00000000d5580000)
  object space 1090048K, 53% used [0x0000000080000000,0x00000000a37fa3c0,0x00000000c2880000)
 Metaspace       used 91098K, committed 92992K, reserved 1179648K
  class space    used 9111K, committed 10048K, reserved 1048576K
}
Event: 12269.626 GC heap before
{Heap before GC invocations=2366 (full 5):
 PSYoungGen      total 3584K, used 3180K [0x00000000d5580000, 0x00000000d5a00000, 0x0000000100000000)
  eden space 3072K, 97% used [0x00000000d5580000,0x00000000d586b2f8,0x00000000d5880000)
  from space 512K, 37% used [0x00000000d5980000,0x00000000d59b0000,0x00000000d5a00000)
  to   space 512K, 0% used [0x00000000d5900000,0x00000000d5900000,0x00000000d5980000)
 ParOldGen       total 1090048K, used 581608K [0x0000000080000000, 0x00000000c2880000, 0x00000000d5580000)
  object space 1090048K, 53% used [0x0000000080000000,0x00000000a37fa3c0,0x00000000c2880000)
 Metaspace       used 91099K, committed 92992K, reserved 1179648K
  class space    used 9111K, committed 10048K, reserved 1048576K
}
Event: 12269.629 GC heap after
{Heap after GC invocations=2366 (full 5):
 PSYoungGen      total 3584K, used 314K [0x00000000d5580000, 0x00000000d5a00000, 0x0000000100000000)
  eden space 3072K, 0% used [0x00000000d5580000,0x00000000d5580000,0x00000000d5880000)
  from space 512K, 61% used [0x00000000d5900000,0x00000000d594eb78,0x00000000d5980000)
  to   space 512K, 0% used [0x00000000d5980000,0x00000000d5980000,0x00000000d5a00000)
 ParOldGen       total 1090048K, used 581640K [0x0000000080000000, 0x00000000c2880000, 0x00000000d5580000)
  object space 1090048K, 53% used [0x0000000080000000,0x00000000a38023c0,0x00000000c2880000)
 Metaspace       used 91099K, committed 92992K, reserved 1179648K
  class space    used 9111K, committed 10048K, reserved 1048576K
}
Event: 12325.514 GC heap before
{Heap before GC invocations=2367 (full 5):
 PSYoungGen      total 3584K, used 3386K [0x00000000d5580000, 0x00000000d5a00000, 0x0000000100000000)
  eden space 3072K, 100% used [0x00000000d5580000,0x00000000d5880000,0x00000000d5880000)
  from space 512K, 61% used [0x00000000d5900000,0x00000000d594eb78,0x00000000d5980000)
  to   space 512K, 0% used [0x00000000d5980000,0x00000000d5980000,0x00000000d5a00000)
 ParOldGen       total 1090048K, used 581640K [0x0000000080000000, 0x00000000c2880000, 0x00000000d5580000)
  object space 1090048K, 53% used [0x0000000080000000,0x00000000a38023c0,0x00000000c2880000)
 Metaspace       used 91099K, committed 92992K, reserved 1179648K
  class space    used 9111K, committed 10048K, reserved 1048576K
}
Event: 12325.732 GC heap after
{Heap after GC invocations=2367 (full 5):
 PSYoungGen      total 3584K, used 224K [0x00000000d5580000, 0x00000000d5a00000, 0x0000000100000000)
  eden space 3072K, 0% used [0x00000000d5580000,0x00000000d5580000,0x00000000d5880000)
  from space 512K, 43% used [0x00000000d5980000,0x00000000d59b8000,0x00000000d5a00000)
  to   space 512K, 0% used [0x00000000d5900000,0x00000000d5900000,0x00000000d5980000)
 ParOldGen       total 1090048K, used 581672K [0x0000000080000000, 0x00000000c2880000, 0x00000000d5580000)
  object space 1090048K, 53% used [0x0000000080000000,0x00000000a380a3c0,0x00000000c2880000)
 Metaspace       used 91099K, committed 92992K, reserved 1179648K
  class space    used 9111K, committed 10048K, reserved 1048576K
}

