<?xml version="1.0" encoding="UTF-8"?>
<testsuite xmlns:xsi="http://www.w3.org/2001/XMLSchema-instance" xsi:noNamespaceSchemaLocation="https://maven.apache.org/surefire/maven-surefire-plugin/xsd/surefire-test-report-3.0.xsd" version="3.0" name="com.microservicios.mscitas.Integration.CitaIntegrationTest" time="11.73" tests="3" errors="0" skipped="0" failures="0">
  <properties>
[...]
</properties>
  <testcase name="obtenerCita_DebeRetornarCita" classname="com.microservicios.mscitas.Integration.CitaIntegrationTest" time="0.779">
    <system-out><![CDATA[2026-06-17T18:14:15.042-04:00  INFO 18536 --- [ms-citas] [           main] t.c.s.AnnotationConfigContextLoaderUtils : Could not detect default configuration classes for test class [com.microservicios.mscitas.Integration.CitaIntegrationTest]: CitaIntegrationTest does not declare any static, non-private, non-final, nested classes annotated with @Configuration.
2026-06-17T18:14:15.139-04:00  INFO 18536 --- [ms-citas] [           main] .b.t.c.SpringBootTestContextBootstrapper : Found @SpringBootConfiguration com.microservicios.mscitas.MsCitasApplication for test class com.microservicios.mscitas.Integration.CitaIntegrationTest
2026-06-17T18:14:15.161-04:00  INFO 18536 --- [ms-citas] [           main] o.s.b.d.r.RestartApplicationListener     : Restart disabled due to context in which it is running

  .   ____          _            __ _ _
 /\\ / ___'_ __ _ _(_)_ __  __ _ \ \ \ \
( ( )\___ | '_ | '_| | '_ \/ _` | \ \ \ \
 \\/  ___)| |_)| | | | | || (_| |  ) ) ) )
  '  |____| .__|_| |_|_| |_\__, | / / / /
 =========|_|==============|___/=/_/_/_/
 :: Spring Boot ::                (v3.2.0)

2026-06-17T18:14:15.308-04:00  INFO 18536 --- [ms-citas] [           main] c.m.m.Integration.CitaIntegrationTest    : Starting CitaIntegrationTest using Java 21.0.6 with PID 18536 (started by marco in C:\Users\marco\Desktop\ProyectoFullstack\MS-Citas)
2026-06-17T18:14:15.308-04:00 DEBUG 18536 --- [ms-citas] [           main] c.m.m.Integration.CitaIntegrationTest    : Running with Spring Boot v3.2.0, Spring v6.1.1
2026-06-17T18:14:15.309-04:00  INFO 18536 --- [ms-citas] [           main] c.m.m.Integration.CitaIntegrationTest    : The following 1 profile is active: "test"
2026-06-17T18:14:16.978-04:00  INFO 18536 --- [ms-citas] [           main] .s.d.r.c.RepositoryConfigurationDelegate : Bootstrapping Spring Data JPA repositories in DEFAULT mode.
2026-06-17T18:14:17.112-04:00  INFO 18536 --- [ms-citas] [           main] .s.d.r.c.RepositoryConfigurationDelegate : Finished Spring Data repository scanning in 112 ms. Found 1 JPA repository interface.
2026-06-17T18:14:17.625-04:00  INFO 18536 --- [ms-citas] [           main] o.s.cloud.context.scope.GenericScope     : BeanFactory id=7a657b24-a9aa-3c39-b1bd-aafcc63a4f76
2026-06-17T18:14:18.731-04:00  INFO 18536 --- [ms-citas] [           main] o.hibernate.jpa.internal.util.LogHelper  : HHH000204: Processing PersistenceUnitInfo [name: default]
2026-06-17T18:14:18.948-04:00  INFO 18536 --- [ms-citas] [           main] org.hibernate.Version                    : HHH000412: Hibernate ORM core version 6.3.1.Final
2026-06-17T18:14:19.032-04:00  INFO 18536 --- [ms-citas] [           main] o.h.c.internal.RegionFactoryInitiator    : HHH000026: Second-level cache disabled
2026-06-17T18:14:19.249-04:00  INFO 18536 --- [ms-citas] [           main] o.s.o.j.p.SpringPersistenceUnitInfo      : No LoadTimeWeaver setup: ignoring JPA class transformer
2026-06-17T18:14:19.293-04:00  INFO 18536 --- [ms-citas] [           main] com.zaxxer.hikari.HikariDataSource       : HikariPool-1 - Starting...
2026-06-17T18:14:19.635-04:00  INFO 18536 --- [ms-citas] [           main] com.zaxxer.hikari.pool.HikariPool        : HikariPool-1 - Added connection conn0: url=jdbc:h2:mem:testdb user=SA
2026-06-17T18:14:19.639-04:00  INFO 18536 --- [ms-citas] [           main] com.zaxxer.hikari.HikariDataSource       : HikariPool-1 - Start completed.
2026-06-17T18:14:19.689-04:00  WARN 18536 --- [ms-citas] [           main] org.hibernate.orm.deprecation            : HHH90000025: H2Dialect does not need to be specified explicitly using 'hibernate.dialect' (remove the property setting and it will be selected by default)
2026-06-17T18:14:20.814-04:00  INFO 18536 --- [ms-citas] [           main] o.h.e.t.j.p.i.JtaPlatformInitiator       : HHH000489: No JTA platform available (set 'hibernate.transaction.jta.platform' to enable JTA platform integration)
2026-06-17T18:14:20.859-04:00 DEBUG 18536 --- [ms-citas] [           main] org.hibernate.SQL                        : 
    drop table if exists citas cascade 
2026-06-17T18:14:20.882-04:00 DEBUG 18536 --- [ms-citas] [           main] org.hibernate.SQL                        : 
    create table citas (
        fecha_hora timestamp(6) not null,
        id bigint generated by default as identity,
        sala_id bigint not null,
        especialidad varchar(255) not null,
        medico_id varchar(255) not null,
        medico_nombre varchar(255) not null,
        motivo varchar(255) not null,
        sala_nombre varchar(255) not null,
        user_id varchar(255) not null,
        user_nombre varchar(255) not null,
        primary key (id),
        constraint uk_medico_fecha unique (medico_id, fecha_hora),
        constraint uk_sala_fecha unique (sala_id, fecha_hora)
    )
2026-06-17T18:14:20.915-04:00  INFO 18536 --- [ms-citas] [           main] j.LocalContainerEntityManagerFactoryBean : Initialized JPA EntityManagerFactory for persistence unit 'default'
2026-06-17T18:14:21.708-04:00  INFO 18536 --- [ms-citas] [           main] o.s.d.j.r.query.QueryEnhancerFactory     : Hibernate is in classpath; If applicable, HQL parser will be used.
2026-06-17T18:14:23.915-04:00  WARN 18536 --- [ms-citas] [           main] JpaBaseConfiguration$JpaWebConfiguration : spring.jpa.open-in-view is enabled by default. Therefore, database queries may be performed during view rendering. Explicitly configure spring.jpa.open-in-view to disable this warning
2026-06-17T18:14:25.384-04:00  INFO 18536 --- [ms-citas] [           main] o.s.b.t.m.w.SpringBootMockServletContext : Initializing Spring TestDispatcherServlet ''
2026-06-17T18:14:25.385-04:00  INFO 18536 --- [ms-citas] [           main] o.s.t.web.servlet.TestDispatcherServlet  : Initializing Servlet ''
2026-06-17T18:14:25.386-04:00  INFO 18536 --- [ms-citas] [           main] o.s.t.web.servlet.TestDispatcherServlet  : Completed initialization in 1 ms
2026-06-17T18:14:25.778-04:00  INFO 18536 --- [ms-citas] [           main] c.m.m.Integration.CitaIntegrationTest    : Started CitaIntegrationTest in 10.617 seconds (process running for 21.126)
2026-06-17T18:14:26.370-04:00 DEBUG 18536 --- [ms-citas] [           main] org.hibernate.SQL                        : 
    select
        c1_0.id,
        c1_0.especialidad,
        c1_0.fecha_hora,
        c1_0.medico_id,
        c1_0.medico_nombre,
        c1_0.motivo,
        c1_0.sala_id,
        c1_0.sala_nombre,
        c1_0.user_id,
        c1_0.user_nombre 
    from
        citas c1_0
2026-06-17T18:14:26.475-04:00 DEBUG 18536 --- [ms-citas] [           main] org.hibernate.SQL                        : 
    insert 
    into
        citas
        (especialidad, fecha_hora, medico_id, medico_nombre, motivo, sala_id, sala_nombre, user_id, user_nombre, id) 
    values
        (?, ?, ?, ?, ?, ?, ?, ?, ?, default)
2026-06-17T18:14:26.523-04:00  INFO 18536 --- [ms-citas] [           main] c.m.mscitas.controller.CitaController    : Buscando cita con ID: 1
2026-06-17T18:14:26.525-04:00  INFO 18536 --- [ms-citas] [           main] c.m.mscitas.service.CitaService          : Buscando cita con ID: 1
2026-06-17T18:14:26.540-04:00 DEBUG 18536 --- [ms-citas] [           main] org.hibernate.SQL                        : 
    select
        c1_0.id,
        c1_0.especialidad,
        c1_0.fecha_hora,
        c1_0.medico_id,
        c1_0.medico_nombre,
        c1_0.motivo,
        c1_0.sala_id,
        c1_0.sala_nombre,
        c1_0.user_id,
        c1_0.user_nombre 
    from
        citas c1_0 
    where
        c1_0.id=?
]]></system-out>
  </testcase>
  <testcase name="healthCheck_DebeRetornarUP" classname="com.microservicios.mscitas.Integration.CitaIntegrationTest" time="0.041">
    <system-out><![CDATA[2026-06-17T18:14:26.575-04:00 DEBUG 18536 --- [ms-citas] [           main] org.hibernate.SQL                        : 
    select
        c1_0.id,
        c1_0.especialidad,
        c1_0.fecha_hora,
        c1_0.medico_id,
        c1_0.medico_nombre,
        c1_0.motivo,
        c1_0.sala_id,
        c1_0.sala_nombre,
        c1_0.user_id,
        c1_0.user_nombre 
    from
        citas c1_0
2026-06-17T18:14:26.597-04:00 DEBUG 18536 --- [ms-citas] [           main] org.hibernate.SQL                        : 
    delete 
    from
        citas 
    where
        id=?
]]></system-out>
  </testcase>
  <testcase name="crearCita_DebeRetornar201" classname="com.microservicios.mscitas.Integration.CitaIntegrationTest" time="0.143">
    <system-out><![CDATA[2026-06-17T18:14:26.621-04:00 DEBUG 18536 --- [ms-citas] [           main] org.hibernate.SQL                        : 
    select
        c1_0.id,
        c1_0.especialidad,
        c1_0.fecha_hora,
        c1_0.medico_id,
        c1_0.medico_nombre,
        c1_0.motivo,
        c1_0.sala_id,
        c1_0.sala_nombre,
        c1_0.user_id,
        c1_0.user_nombre 
    from
        citas c1_0
2026-06-17T18:14:26.675-04:00  INFO 18536 --- [ms-citas] [           main] c.m.mscitas.controller.CitaController    : Recibida solicitud para crear cita: CitaRequest[userId=12345678, userNombre=Juan Perez, medicoId=1, medicoNombre=Dr. Carlos, especialidad=Cardiologia, salaId=1, salaNombre=Sala 1, fechaHora=2026-06-18T18:14:26.628732200, motivo=Control general]
2026-06-17T18:14:26.693-04:00  INFO 18536 --- [ms-citas] [           main] c.m.mscitas.service.CitaService          : Iniciando creación de cita para usuario 12345678 con médico 1 en sala 1
2026-06-17T18:14:26.693-04:00  INFO 18536 --- [ms-citas] [           main] c.m.mscitas.service.CitaService          : Validando disponibilidad general
2026-06-17T18:14:26.730-04:00 DEBUG 18536 --- [ms-citas] [           main] org.hibernate.SQL                        : 
    select
        c1_0.id 
    from
        citas c1_0 
    where
        c1_0.medico_id=? 
        and c1_0.fecha_hora=? 
    fetch
        first ? rows only
2026-06-17T18:14:26.740-04:00 DEBUG 18536 --- [ms-citas] [           main] org.hibernate.SQL                        : 
    select
        c1_0.id 
    from
        citas c1_0 
    where
        c1_0.sala_id=? 
        and c1_0.fecha_hora=? 
    fetch
        first ? rows only
2026-06-17T18:14:26.742-04:00  INFO 18536 --- [ms-citas] [           main] c.m.mscitas.service.CitaService          : Guardando cita en base de datos
2026-06-17T18:14:26.743-04:00 DEBUG 18536 --- [ms-citas] [           main] org.hibernate.SQL                        : 
    insert 
    into
        citas
        (especialidad, fecha_hora, medico_id, medico_nombre, motivo, sala_id, sala_nombre, user_id, user_nombre, id) 
    values
        (?, ?, ?, ?, ?, ?, ?, ?, ?, default)
2026-06-17T18:14:26.744-04:00  INFO 18536 --- [ms-citas] [           main] c.m.mscitas.service.CitaService          : Cita guardada exitosamente con ID 2
2026-06-17T18:14:26.744-04:00  INFO 18536 --- [ms-citas] [           main] c.m.mscitas.service.CitaService          : Actualizando historial para cita ID: 2
2026-06-17T18:14:26.745-04:00  INFO 18536 --- [ms-citas] [           main] c.m.mscitas.service.CitaService          : Historial actualizado exitosamente con ID: 1
2026-06-17T18:14:26.745-04:00  INFO 18536 --- [ms-citas] [           main] c.m.mscitas.service.CitaService          : Enviando notificación para la cita ID: 2
2026-06-17T18:14:26.745-04:00  INFO 18536 --- [ms-citas] [           main] c.m.mscitas.service.CitaService          : Notificación enviada exitosamente para la cita ID: 2
2026-06-17T18:14:26.745-04:00  INFO 18536 --- [ms-citas] [           main] c.m.mscitas.service.CitaService          : Cita creada exitosamente con ID 2
2026-06-17T18:14:26.753-04:00  INFO 18536 --- [ms-citas] [           main] c.m.mscitas.controller.CitaController    : Cita creada exitosamente con ID: 2
]]></system-out>
  </testcase>
</testsuite>