<?xml version="1.0" encoding="UTF-8"?>
<testsuite xmlns:xsi="http://www.w3.org/2001/XMLSchema-instance" xsi:noNamespaceSchemaLocation="https://maven.apache.org/surefire/maven-surefire-plugin/xsd/surefire-test-report-3.0.xsd" version="3.0" name="com.microservicios.mscitas.Repository.CitaRepositoryTest" time="1.368" tests="12" errors="0" skipped="0" failures="2">
  <properties>
[...]
</properties>
  <testcase name="findBySalaIdAndFechaHoraBetween_DebeRetornarResultados" classname="com.microservicios.mscitas.Repository.CitaRepositoryTest" time="0.062">
    <system-out><![CDATA[2026-06-17T18:14:26.772-04:00  INFO 18536 --- [ms-citas] [           main] t.c.s.AnnotationConfigContextLoaderUtils : Could not detect default configuration classes for test class [com.microservicios.mscitas.Repository.CitaRepositoryTest]: CitaRepositoryTest does not declare any static, non-private, non-final, nested classes annotated with @Configuration.
2026-06-17T18:14:26.837-04:00  INFO 18536 --- [ms-citas] [           main] .b.t.c.SpringBootTestContextBootstrapper : Found @SpringBootConfiguration com.microservicios.mscitas.MsCitasApplication for test class com.microservicios.mscitas.Repository.CitaRepositoryTest
2026-06-17T18:14:26.846-04:00  INFO 18536 --- [ms-citas] [           main] o.s.b.d.r.RestartApplicationListener     : Restart disabled due to context in which it is running

  .   ____          _            __ _ _
 /\\ / ___'_ __ _ _(_)_ __  __ _ \ \ \ \
( ( )\___ | '_ | '_| | '_ \/ _` | \ \ \ \
 \\/  ___)| |_)| | | | | || (_| |  ) ) ) )
  '  |____| .__|_| |_|_| |_\__, | / / / /
 =========|_|==============|___/=/_/_/_/
 :: Spring Boot ::                (v3.2.0)

2026-06-17T18:14:26.931-04:00  INFO 18536 --- [ms-citas] [           main] c.m.m.Repository.CitaRepositoryTest      : Starting CitaRepositoryTest using Java 21.0.6 with PID 18536 (started by marco in C:\Users\marco\Desktop\ProyectoFullstack\MS-Citas)
2026-06-17T18:14:26.931-04:00 DEBUG 18536 --- [ms-citas] [           main] c.m.m.Repository.CitaRepositoryTest      : Running with Spring Boot v3.2.0, Spring v6.1.1
2026-06-17T18:14:26.931-04:00  INFO 18536 --- [ms-citas] [           main] c.m.m.Repository.CitaRepositoryTest      : No active profile set, falling back to 1 default profile: "default"
2026-06-17T18:14:27.148-04:00  INFO 18536 --- [ms-citas] [           main] .s.d.r.c.RepositoryConfigurationDelegate : Bootstrapping Spring Data JPA repositories in DEFAULT mode.
2026-06-17T18:14:27.172-04:00  INFO 18536 --- [ms-citas] [           main] .s.d.r.c.RepositoryConfigurationDelegate : Finished Spring Data repository scanning in 26 ms. Found 1 JPA repository interface.
2026-06-17T18:14:27.202-04:00  INFO 18536 --- [ms-citas] [           main] beddedDataSourceBeanFactoryPostProcessor : Replacing 'dataSource' DataSource bean with embedded version
2026-06-17T18:14:27.234-04:00  INFO 18536 --- [ms-citas] [           main] o.s.j.d.e.EmbeddedDatabaseFactory        : Starting embedded database: url='jdbc:h2:mem:e563dde3-c17d-4df3-b969-a8c63af6dda3;DB_CLOSE_DELAY=-1;DB_CLOSE_ON_EXIT=false', username='sa'
2026-06-17T18:14:27.300-04:00  INFO 18536 --- [ms-citas] [           main] o.hibernate.jpa.internal.util.LogHelper  : HHH000204: Processing PersistenceUnitInfo [name: default]
2026-06-17T18:14:27.308-04:00  INFO 18536 --- [ms-citas] [           main] o.h.c.internal.RegionFactoryInitiator    : HHH000026: Second-level cache disabled
2026-06-17T18:14:27.321-04:00  INFO 18536 --- [ms-citas] [           main] o.s.o.j.p.SpringPersistenceUnitInfo      : No LoadTimeWeaver setup: ignoring JPA class transformer
2026-06-17T18:14:27.451-04:00  INFO 18536 --- [ms-citas] [           main] o.h.e.t.j.p.i.JtaPlatformInitiator       : HHH000489: No JTA platform available (set 'hibernate.transaction.jta.platform' to enable JTA platform integration)
2026-06-17T18:14:27.475-04:00 DEBUG 18536 --- [ms-citas] [           main] org.hibernate.SQL                        : 
    create table citas (
        id bigint generated by default as identity,
        especialidad varchar(255) not null,
        fecha_hora timestamp(6) not null,
        medico_id varchar(255) not null,
        medico_nombre varchar(255) not null,
        motivo varchar(255) not null,
        sala_id bigint not null,
        sala_nombre varchar(255) not null,
        user_id varchar(255) not null,
        user_nombre varchar(255) not null,
        primary key (id)
    )
Hibernate: 
    create table citas (
        id bigint generated by default as identity,
        especialidad varchar(255) not null,
        fecha_hora timestamp(6) not null,
        medico_id varchar(255) not null,
        medico_nombre varchar(255) not null,
        motivo varchar(255) not null,
        sala_id bigint not null,
        sala_nombre varchar(255) not null,
        user_id varchar(255) not null,
        user_nombre varchar(255) not null,
        primary key (id)
    )
2026-06-17T18:14:27.477-04:00 DEBUG 18536 --- [ms-citas] [           main] org.hibernate.SQL                        : 
    alter table if exists citas 
       drop constraint if exists uk_medico_fecha
Hibernate: 
    alter table if exists citas 
       drop constraint if exists uk_medico_fecha
2026-06-17T18:14:27.479-04:00 DEBUG 18536 --- [ms-citas] [           main] org.hibernate.SQL                        : 
    alter table if exists citas 
       add constraint uk_medico_fecha unique (medico_id, fecha_hora)
Hibernate: 
    alter table if exists citas 
       add constraint uk_medico_fecha unique (medico_id, fecha_hora)
2026-06-17T18:14:27.479-04:00 DEBUG 18536 --- [ms-citas] [           main] org.hibernate.SQL                        : 
    alter table if exists citas 
       drop constraint if exists uk_sala_fecha
Hibernate: 
    alter table if exists citas 
       drop constraint if exists uk_sala_fecha
2026-06-17T18:14:27.481-04:00 DEBUG 18536 --- [ms-citas] [           main] org.hibernate.SQL                        : 
    alter table if exists citas 
       add constraint uk_sala_fecha unique (sala_id, fecha_hora)
Hibernate: 
    alter table if exists citas 
       add constraint uk_sala_fecha unique (sala_id, fecha_hora)
2026-06-17T18:14:27.481-04:00  INFO 18536 --- [ms-citas] [           main] j.LocalContainerEntityManagerFactoryBean : Initialized JPA EntityManagerFactory for persistence unit 'default'
2026-06-17T18:14:27.647-04:00  INFO 18536 --- [ms-citas] [           main] c.m.m.Repository.CitaRepositoryTest      : Started CitaRepositoryTest in 0.801 seconds (process running for 22.995)
2026-06-17T18:14:27.676-04:00 DEBUG 18536 --- [ms-citas] [           main] org.hibernate.SQL                        : 
    insert 
    into
        citas
        (especialidad, fecha_hora, medico_id, medico_nombre, motivo, sala_id, sala_nombre, user_id, user_nombre, id) 
    values
        (?, ?, ?, ?, ?, ?, ?, ?, ?, default)
Hibernate: 
    insert 
    into
        citas
        (especialidad, fecha_hora, medico_id, medico_nombre, motivo, sala_id, sala_nombre, user_id, user_nombre, id) 
    values
        (?, ?, ?, ?, ?, ?, ?, ?, ?, default)
2026-06-17T18:14:27.700-04:00 DEBUG 18536 --- [ms-citas] [           main] org.hibernate.SQL                        : 
    select
        c1_0.id,
        c1_0.especialidad,
        c1_0.fecha_hora,
        c1_0.medico_id,
        c1_0.medico_nombre,
        c1_0.motivo,
        c1_0.sala_id,
        c1_0.sala_nombre,
        c1_0.user_id,
        c1_0.user_nombre 
    from
        citas c1_0 
    where
        c1_0.sala_id=? 
        and c1_0.fecha_hora between ? and ?
Hibernate: 
    select
        c1_0.id,
        c1_0.especialidad,
        c1_0.fecha_hora,
        c1_0.medico_id,
        c1_0.medico_nombre,
        c1_0.motivo,
        c1_0.sala_id,
        c1_0.sala_nombre,
        c1_0.user_id,
        c1_0.user_nombre 
    from
        citas c1_0 
    where
        c1_0.sala_id=? 
        and c1_0.fecha_hora between ? and ?
]]></system-out>
  </testcase>
  <testcase name="findByEspecialidad_DebeRetornarCitasDeLaEspecialidad" classname="com.microservicios.mscitas.Repository.CitaRepositoryTest" time="0.017">
    <system-out><![CDATA[2026-06-17T18:14:27.720-04:00 DEBUG 18536 --- [ms-citas] [           main] org.hibernate.SQL                        : 
    insert 
    into
        citas
        (especialidad, fecha_hora, medico_id, medico_nombre, motivo, sala_id, sala_nombre, user_id, user_nombre, id) 
    values
        (?, ?, ?, ?, ?, ?, ?, ?, ?, default)
Hibernate: 
    insert 
    into
        citas
        (especialidad, fecha_hora, medico_id, medico_nombre, motivo, sala_id, sala_nombre, user_id, user_nombre, id) 
    values
        (?, ?, ?, ?, ?, ?, ?, ?, ?, default)
2026-06-17T18:14:27.728-04:00 DEBUG 18536 --- [ms-citas] [           main] org.hibernate.SQL                        : 
    select
        c1_0.id,
        c1_0.especialidad,
        c1_0.fecha_hora,
        c1_0.medico_id,
        c1_0.medico_nombre,
        c1_0.motivo,
        c1_0.sala_id,
        c1_0.sala_nombre,
        c1_0.user_id,
        c1_0.user_nombre 
    from
        citas c1_0 
    where
        c1_0.especialidad=?
Hibernate: 
    select
        c1_0.id,
        c1_0.especialidad,
        c1_0.fecha_hora,
        c1_0.medico_id,
        c1_0.medico_nombre,
        c1_0.motivo,
        c1_0.sala_id,
        c1_0.sala_nombre,
        c1_0.user_id,
        c1_0.user_nombre 
    from
        citas c1_0 
    where
        c1_0.especialidad=?
]]></system-out>
  </testcase>
  <testcase name="findCitasPasadas_DebeRetornarListaVacia" classname="com.microservicios.mscitas.Repository.CitaRepositoryTest" time="0.025">
    <system-out><![CDATA[2026-06-17T18:14:27.742-04:00 DEBUG 18536 --- [ms-citas] [           main] org.hibernate.SQL                        : 
    insert 
    into
        citas
        (especialidad, fecha_hora, medico_id, medico_nombre, motivo, sala_id, sala_nombre, user_id, user_nombre, id) 
    values
        (?, ?, ?, ?, ?, ?, ?, ?, ?, default)
Hibernate: 
    insert 
    into
        citas
        (especialidad, fecha_hora, medico_id, medico_nombre, motivo, sala_id, sala_nombre, user_id, user_nombre, id) 
    values
        (?, ?, ?, ?, ?, ?, ?, ?, ?, default)
2026-06-17T18:14:27.752-04:00 DEBUG 18536 --- [ms-citas] [           main] org.hibernate.SQL                        : 
    select
        c1_0.id,
        c1_0.especialidad,
        c1_0.fecha_hora,
        c1_0.medico_id,
        c1_0.medico_nombre,
        c1_0.motivo,
        c1_0.sala_id,
        c1_0.sala_nombre,
        c1_0.user_id,
        c1_0.user_nombre 
    from
        citas c1_0 
    where
        c1_0.fecha_hora<? 
    order by
        c1_0.fecha_hora desc
Hibernate: 
    select
        c1_0.id,
        c1_0.especialidad,
        c1_0.fecha_hora,
        c1_0.medico_id,
        c1_0.medico_nombre,
        c1_0.motivo,
        c1_0.sala_id,
        c1_0.sala_nombre,
        c1_0.user_id,
        c1_0.user_nombre 
    from
        citas c1_0 
    where
        c1_0.fecha_hora<? 
    order by
        c1_0.fecha_hora desc
]]></system-out>
  </testcase>
  <testcase name="findByMedicoIdAndFechaHoraBetween_DebeRetornarResultados" classname="com.microservicios.mscitas.Repository.CitaRepositoryTest" time="0.052">
    <system-out><![CDATA[2026-06-17T18:14:27.770-04:00 DEBUG 18536 --- [ms-citas] [           main] org.hibernate.SQL                        : 
    insert 
    into
        citas
        (especialidad, fecha_hora, medico_id, medico_nombre, motivo, sala_id, sala_nombre, user_id, user_nombre, id) 
    values
        (?, ?, ?, ?, ?, ?, ?, ?, ?, default)
Hibernate: 
    insert 
    into
        citas
        (especialidad, fecha_hora, medico_id, medico_nombre, motivo, sala_id, sala_nombre, user_id, user_nombre, id) 
    values
        (?, ?, ?, ?, ?, ?, ?, ?, ?, default)
2026-06-17T18:14:27.806-04:00 DEBUG 18536 --- [ms-citas] [           main] org.hibernate.SQL                        : 
    select
        c1_0.id,
        c1_0.especialidad,
        c1_0.fecha_hora,
        c1_0.medico_id,
        c1_0.medico_nombre,
        c1_0.motivo,
        c1_0.sala_id,
        c1_0.sala_nombre,
        c1_0.user_id,
        c1_0.user_nombre 
    from
        citas c1_0 
    where
        c1_0.medico_id=? 
        and c1_0.fecha_hora between ? and ?
Hibernate: 
    select
        c1_0.id,
        c1_0.especialidad,
        c1_0.fecha_hora,
        c1_0.medico_id,
        c1_0.medico_nombre,
        c1_0.motivo,
        c1_0.sala_id,
        c1_0.sala_nombre,
        c1_0.user_id,
        c1_0.user_nombre 
    from
        citas c1_0 
    where
        c1_0.medico_id=? 
        and c1_0.fecha_hora between ? and ?
]]></system-out>
  </testcase>
  <testcase name="findCitasProximas_DebeRetornarResultados" classname="com.microservicios.mscitas.Repository.CitaRepositoryTest" time="0.024">
    <system-out><![CDATA[2026-06-17T18:14:27.832-04:00 DEBUG 18536 --- [ms-citas] [           main] org.hibernate.SQL                        : 
    insert 
    into
        citas
        (especialidad, fecha_hora, medico_id, medico_nombre, motivo, sala_id, sala_nombre, user_id, user_nombre, id) 
    values
        (?, ?, ?, ?, ?, ?, ?, ?, ?, default)
Hibernate: 
    insert 
    into
        citas
        (especialidad, fecha_hora, medico_id, medico_nombre, motivo, sala_id, sala_nombre, user_id, user_nombre, id) 
    values
        (?, ?, ?, ?, ?, ?, ?, ?, ?, default)
2026-06-17T18:14:27.843-04:00 DEBUG 18536 --- [ms-citas] [           main] org.hibernate.SQL                        : 
    select
        c1_0.id,
        c1_0.especialidad,
        c1_0.fecha_hora,
        c1_0.medico_id,
        c1_0.medico_nombre,
        c1_0.motivo,
        c1_0.sala_id,
        c1_0.sala_nombre,
        c1_0.user_id,
        c1_0.user_nombre 
    from
        citas c1_0 
    where
        c1_0.fecha_hora>=? 
    order by
        c1_0.fecha_hora
Hibernate: 
    select
        c1_0.id,
        c1_0.especialidad,
        c1_0.fecha_hora,
        c1_0.medico_id,
        c1_0.medico_nombre,
        c1_0.motivo,
        c1_0.sala_id,
        c1_0.sala_nombre,
        c1_0.user_id,
        c1_0.user_nombre 
    from
        citas c1_0 
    where
        c1_0.fecha_hora>=? 
    order by
        c1_0.fecha_hora
]]></system-out>
  </testcase>
  <testcase name="existsByMedicoIdAndFechaHora_DebeRetornarTrue" classname="com.microservicios.mscitas.Repository.CitaRepositoryTest" time="0.04">
    <failure message="expected: &lt;true&gt; but was: &lt;false&gt;" type="org.opentest4j.AssertionFailedError"><![CDATA[org.opentest4j.AssertionFailedError: expected: <true> but was: <false>
	at org.junit.jupiter.api.AssertionFailureBuilder.build(AssertionFailureBuilder.java:151)
	at org.junit.jupiter.api.AssertionFailureBuilder.buildAndThrow(AssertionFailureBuilder.java:132)
	at org.junit.jupiter.api.AssertTrue.failNotTrue(AssertTrue.java:63)
	at org.junit.jupiter.api.AssertTrue.assertTrue(AssertTrue.java:36)
	at org.junit.jupiter.api.AssertTrue.assertTrue(AssertTrue.java:31)
	at org.junit.jupiter.api.Assertions.assertTrue(Assertions.java:183)
	at com.microservicios.mscitas.Repository.CitaRepositoryTest.existsByMedicoIdAndFechaHora_DebeRetornarTrue(CitaRepositoryTest.java:87)
	at java.base/java.lang.reflect.Method.invoke(Method.java:580)
	at java.base/java.util.ArrayList.forEach(ArrayList.java:1596)
	at java.base/java.util.ArrayList.forEach(ArrayList.java:1596)
]]></failure>
    <system-out><![CDATA[2026-06-17T18:14:27.859-04:00 DEBUG 18536 --- [ms-citas] [           main] org.hibernate.SQL                        : 
    insert 
    into
        citas
        (especialidad, fecha_hora, medico_id, medico_nombre, motivo, sala_id, sala_nombre, user_id, user_nombre, id) 
    values
        (?, ?, ?, ?, ?, ?, ?, ?, ?, default)
Hibernate: 
    insert 
    into
        citas
        (especialidad, fecha_hora, medico_id, medico_nombre, motivo, sala_id, sala_nombre, user_id, user_nombre, id) 
    values
        (?, ?, ?, ?, ?, ?, ?, ?, ?, default)
2026-06-17T18:14:27.867-04:00 DEBUG 18536 --- [ms-citas] [           main] org.hibernate.SQL                        : 
    select
        c1_0.id 
    from
        citas c1_0 
    where
        c1_0.medico_id=? 
        and c1_0.fecha_hora=? 
    fetch
        first ? rows only
Hibernate: 
    select
        c1_0.id 
    from
        citas c1_0 
    where
        c1_0.medico_id=? 
        and c1_0.fecha_hora=? 
    fetch
        first ? rows only
]]></system-out>
  </testcase>
  <testcase name="findByMedicoId_DebeRetornarCitasDelMedico" classname="com.microservicios.mscitas.Repository.CitaRepositoryTest" time="0.041">
    <system-out><![CDATA[2026-06-17T18:14:27.908-04:00 DEBUG 18536 --- [ms-citas] [           main] org.hibernate.SQL                        : 
    insert 
    into
        citas
        (especialidad, fecha_hora, medico_id, medico_nombre, motivo, sala_id, sala_nombre, user_id, user_nombre, id) 
    values
        (?, ?, ?, ?, ?, ?, ?, ?, ?, default)
Hibernate: 
    insert 
    into
        citas
        (especialidad, fecha_hora, medico_id, medico_nombre, motivo, sala_id, sala_nombre, user_id, user_nombre, id) 
    values
        (?, ?, ?, ?, ?, ?, ?, ?, ?, default)
2026-06-17T18:14:27.927-04:00 DEBUG 18536 --- [ms-citas] [           main] org.hibernate.SQL                        : 
    select
        c1_0.id,
        c1_0.especialidad,
        c1_0.fecha_hora,
        c1_0.medico_id,
        c1_0.medico_nombre,
        c1_0.motivo,
        c1_0.sala_id,
        c1_0.sala_nombre,
        c1_0.user_id,
        c1_0.user_nombre 
    from
        citas c1_0 
    where
        c1_0.medico_id=?
Hibernate: 
    select
        c1_0.id,
        c1_0.especialidad,
        c1_0.fecha_hora,
        c1_0.medico_id,
        c1_0.medico_nombre,
        c1_0.motivo,
        c1_0.sala_id,
        c1_0.sala_nombre,
        c1_0.user_id,
        c1_0.user_nombre 
    from
        citas c1_0 
    where
        c1_0.medico_id=?
]]></system-out>
  </testcase>
  <testcase name="countBySalaIdAndFechaHoraBetween_DebeContarCorrectamente" classname="com.microservicios.mscitas.Repository.CitaRepositoryTest" time="0.049">
    <system-out><![CDATA[2026-06-17T18:14:27.953-04:00 DEBUG 18536 --- [ms-citas] [           main] org.hibernate.SQL                        : 
    insert 
    into
        citas
        (especialidad, fecha_hora, medico_id, medico_nombre, motivo, sala_id, sala_nombre, user_id, user_nombre, id) 
    values
        (?, ?, ?, ?, ?, ?, ?, ?, ?, default)
Hibernate: 
    insert 
    into
        citas
        (especialidad, fecha_hora, medico_id, medico_nombre, motivo, sala_id, sala_nombre, user_id, user_nombre, id) 
    values
        (?, ?, ?, ?, ?, ?, ?, ?, ?, default)
2026-06-17T18:14:27.978-04:00 DEBUG 18536 --- [ms-citas] [           main] org.hibernate.SQL                        : 
    select
        count(c1_0.id) 
    from
        citas c1_0 
    where
        c1_0.sala_id=? 
        and c1_0.fecha_hora between ? and ?
Hibernate: 
    select
        count(c1_0.id) 
    from
        citas c1_0 
    where
        c1_0.sala_id=? 
        and c1_0.fecha_hora between ? and ?
]]></system-out>
  </testcase>
  <testcase name="countByMedicoIdAndFechaHoraBetween_DebeContarCorrectamente" classname="com.microservicios.mscitas.Repository.CitaRepositoryTest" time="0.037">
    <system-out><![CDATA[2026-06-17T18:14:28.003-04:00 DEBUG 18536 --- [ms-citas] [           main] org.hibernate.SQL                        : 
    insert 
    into
        citas
        (especialidad, fecha_hora, medico_id, medico_nombre, motivo, sala_id, sala_nombre, user_id, user_nombre, id) 
    values
        (?, ?, ?, ?, ?, ?, ?, ?, ?, default)
Hibernate: 
    insert 
    into
        citas
        (especialidad, fecha_hora, medico_id, medico_nombre, motivo, sala_id, sala_nombre, user_id, user_nombre, id) 
    values
        (?, ?, ?, ?, ?, ?, ?, ?, ?, default)
2026-06-17T18:14:28.018-04:00 DEBUG 18536 --- [ms-citas] [           main] org.hibernate.SQL                        : 
    select
        count(c1_0.id) 
    from
        citas c1_0 
    where
        c1_0.medico_id=? 
        and c1_0.fecha_hora between ? and ?
Hibernate: 
    select
        count(c1_0.id) 
    from
        citas c1_0 
    where
        c1_0.medico_id=? 
        and c1_0.fecha_hora between ? and ?
]]></system-out>
  </testcase>
  <testcase name="existsBySalaIdAndFechaHora_DebeRetornarTrue" classname="com.microservicios.mscitas.Repository.CitaRepositoryTest" time="0.023">
    <failure message="expected: &lt;true&gt; but was: &lt;false&gt;" type="org.opentest4j.AssertionFailedError"><![CDATA[org.opentest4j.AssertionFailedError: expected: <true> but was: <false>
	at org.junit.jupiter.api.AssertionFailureBuilder.build(AssertionFailureBuilder.java:151)
	at org.junit.jupiter.api.AssertionFailureBuilder.buildAndThrow(AssertionFailureBuilder.java:132)
	at org.junit.jupiter.api.AssertTrue.failNotTrue(AssertTrue.java:63)
	at org.junit.jupiter.api.AssertTrue.assertTrue(AssertTrue.java:36)
	at org.junit.jupiter.api.AssertTrue.assertTrue(AssertTrue.java:31)
	at org.junit.jupiter.api.Assertions.assertTrue(Assertions.java:183)
	at com.microservicios.mscitas.Repository.CitaRepositoryTest.existsBySalaIdAndFechaHora_DebeRetornarTrue(CitaRepositoryTest.java:97)
	at java.base/java.lang.reflect.Method.invoke(Method.java:580)
	at java.base/java.util.ArrayList.forEach(ArrayList.java:1596)
	at java.base/java.util.ArrayList.forEach(ArrayList.java:1596)
]]></failure>
    <system-out><![CDATA[2026-06-17T18:14:28.044-04:00 DEBUG 18536 --- [ms-citas] [           main] org.hibernate.SQL                        : 
    insert 
    into
        citas
        (especialidad, fecha_hora, medico_id, medico_nombre, motivo, sala_id, sala_nombre, user_id, user_nombre, id) 
    values
        (?, ?, ?, ?, ?, ?, ?, ?, ?, default)
Hibernate: 
    insert 
    into
        citas
        (especialidad, fecha_hora, medico_id, medico_nombre, motivo, sala_id, sala_nombre, user_id, user_nombre, id) 
    values
        (?, ?, ?, ?, ?, ?, ?, ?, ?, default)
2026-06-17T18:14:28.052-04:00 DEBUG 18536 --- [ms-citas] [           main] org.hibernate.SQL                        : 
    select
        c1_0.id 
    from
        citas c1_0 
    where
        c1_0.sala_id=? 
        and c1_0.fecha_hora=? 
    fetch
        first ? rows only
Hibernate: 
    select
        c1_0.id 
    from
        citas c1_0 
    where
        c1_0.sala_id=? 
        and c1_0.fecha_hora=? 
    fetch
        first ? rows only
]]></system-out>
  </testcase>
  <testcase name="findByUserId_DebeRetornarCitasDelUsuario" classname="com.microservicios.mscitas.Repository.CitaRepositoryTest" time="0.03">
    <system-out><![CDATA[2026-06-17T18:14:28.071-04:00 DEBUG 18536 --- [ms-citas] [           main] org.hibernate.SQL                        : 
    insert 
    into
        citas
        (especialidad, fecha_hora, medico_id, medico_nombre, motivo, sala_id, sala_nombre, user_id, user_nombre, id) 
    values
        (?, ?, ?, ?, ?, ?, ?, ?, ?, default)
Hibernate: 
    insert 
    into
        citas
        (especialidad, fecha_hora, medico_id, medico_nombre, motivo, sala_id, sala_nombre, user_id, user_nombre, id) 
    values
        (?, ?, ?, ?, ?, ?, ?, ?, ?, default)
2026-06-17T18:14:28.082-04:00 DEBUG 18536 --- [ms-citas] [           main] org.hibernate.SQL                        : 
    select
        c1_0.id,
        c1_0.especialidad,
        c1_0.fecha_hora,
        c1_0.medico_id,
        c1_0.medico_nombre,
        c1_0.motivo,
        c1_0.sala_id,
        c1_0.sala_nombre,
        c1_0.user_id,
        c1_0.user_nombre 
    from
        citas c1_0 
    where
        c1_0.user_id=?
Hibernate: 
    select
        c1_0.id,
        c1_0.especialidad,
        c1_0.fecha_hora,
        c1_0.medico_id,
        c1_0.medico_nombre,
        c1_0.motivo,
        c1_0.sala_id,
        c1_0.sala_nombre,
        c1_0.user_id,
        c1_0.user_nombre 
    from
        citas c1_0 
    where
        c1_0.user_id=?
]]></system-out>
  </testcase>
  <testcase name="findBySalaId_DebeRetornarCitasDeLaSala" classname="com.microservicios.mscitas.Repository.CitaRepositoryTest" time="0.032">
    <system-out><![CDATA[2026-06-17T18:14:28.106-04:00 DEBUG 18536 --- [ms-citas] [           main] org.hibernate.SQL                        : 
    insert 
    into
        citas
        (especialidad, fecha_hora, medico_id, medico_nombre, motivo, sala_id, sala_nombre, user_id, user_nombre, id) 
    values
        (?, ?, ?, ?, ?, ?, ?, ?, ?, default)
Hibernate: 
    insert 
    into
        citas
        (especialidad, fecha_hora, medico_id, medico_nombre, motivo, sala_id, sala_nombre, user_id, user_nombre, id) 
    values
        (?, ?, ?, ?, ?, ?, ?, ?, ?, default)
2026-06-17T18:14:28.117-04:00 DEBUG 18536 --- [ms-citas] [           main] org.hibernate.SQL                        : 
    select
        c1_0.id,
        c1_0.especialidad,
        c1_0.fecha_hora,
        c1_0.medico_id,
        c1_0.medico_nombre,
        c1_0.motivo,
        c1_0.sala_id,
        c1_0.sala_nombre,
        c1_0.user_id,
        c1_0.user_nombre 
    from
        citas c1_0 
    where
        c1_0.sala_id=?
Hibernate: 
    select
        c1_0.id,
        c1_0.especialidad,
        c1_0.fecha_hora,
        c1_0.medico_id,
        c1_0.medico_nombre,
        c1_0.motivo,
        c1_0.sala_id,
        c1_0.sala_nombre,
        c1_0.user_id,
        c1_0.user_nombre 
    from
        citas c1_0 
    where
        c1_0.sala_id=?
]]></system-out>
  </testcase>
</testsuite>